<?xml version="1.0" encoding="UTF-8"?>
<!-- Generated by org.testng.reporters.JUnitReportReporter -->
<testsuite hostname="Kalyanis-MacBook-Air.local" failures="0" tests="1" name="testCases.CheckOutPageTest" time="2.814" errors="0" timestamp="2023-12-25T15:30:03 IST" skipped="0">
  <testcase classname="testCases.CheckOutPageTest" name="inputInfoTest" time="2.814"/>
  <system-out/>
</testsuite> <!-- testCases.CheckOutPageTest -->
