<?xml version="1.0" encoding="UTF-8"?>
<!-- Generated by org.testng.reporters.JUnitReportReporter -->
<testsuite hostname="Kalyanis-MacBook-Air.local" failures="0" tests="3" name="testCases.CartPageTest" time="7.484" errors="0" timestamp="2024-01-03T22:24:38 IST" skipped="0">
  <testcase classname="testCases.CartPageTest" name="VerifyCartPageLableTest" time="2.593"/>
  <system-out>
    <![CDATA[cart page lable: Your Cart]]>
  </system-out>
  <testcase classname="testCases.CartPageTest" name="clickOncheckOutBtnTest" time="3.083"/>
  <system-out>
    <![CDATA[after checkout button clicked url: https://www.saucedemo.com/checkout-step-one.html]]>
  </system-out>
  <testcase classname="testCases.CartPageTest" name="verifyCartPageUrlTest" time="1.808"/>
  <system-out>
    <![CDATA[current page url of cart page: https://www.saucedemo.com/cart.html]]>
  </system-out>
</testsuite> <!-- testCases.CartPageTest -->
