<?xml version="1.0" encoding="UTF-8"?>
<!-- Generated by org.testng.reporters.JUnitReportReporter -->
<testsuite hostname="Kalyanis-MacBook-Air.local" failures="0" tests="2" name="testCases.LoginPageTest" time="3.040" errors="0" timestamp="2024-01-03T22:24:38 IST" skipped="0">
  <testcase classname="testCases.LoginPageTest" name="verifyTitleOfApplicationTest" time="1.443"/>
  <system-out/>
  <testcase classname="testCases.LoginPageTest" name="verifyURLOfApplicationTest" time="1.597"/>
  <system-out/>
</testsuite> <!-- testCases.LoginPageTest -->
