<?xml version="1.0" encoding="UTF-8"?>
<!-- Generated by org.testng.reporters.JUnitReportReporter -->
<testsuite hostname="Kalyanis-MacBook-Air.local" failures="0" tests="6" name="testCases.VerifyLoginMultipleCredentials" time="16.621" errors="0" timestamp="2024-01-03T13:26:09 IST" skipped="0">
  <testcase classname="testCases.VerifyLoginMultipleCredentials" name="loginWithMultipleCredentialsTest" time="1.903"/>
  <system-out/>
  <testcase classname="testCases.VerifyLoginMultipleCredentials" name="loginWithMultipleCredentialsTest" time="7.561"/>
  <system-out/>
  <testcase classname="testCases.VerifyLoginMultipleCredentials" name="loginWithMultipleCredentialsTest" time="1.848"/>
  <system-out/>
  <testcase classname="testCases.VerifyLoginMultipleCredentials" name="loginWithMultipleCredentialsTest" time="2.122"/>
  <system-out/>
  <testcase classname="testCases.VerifyLoginMultipleCredentials" name="loginWithMultipleCredentialsTest" time="1.374"/>
  <system-out/>
  <testcase classname="testCases.VerifyLoginMultipleCredentials" name="loginWithMultipleCredentialsTest" time="1.813"/>
  <system-out/>
</testsuite> <!-- testCases.VerifyLoginMultipleCredentials -->
