<?xml version="1.0" encoding="UTF-8"?>
<!-- Generated by org.testng.reporters.JUnitReportReporter -->
<testsuite hostname="Kalyanis-MacBook-Air.local" failures="0" tests="7" name="testCases.OverviewPageTest" time="17.291" errors="0" timestamp="2024-01-02T22:19:00 IST" skipped="0">
  <testcase classname="testCases.OverviewPageTest" name="verifyDiliveryAddressTest" time="2.769"/>
  <system-out/>
  <testcase classname="testCases.OverviewPageTest" name="verifyOverviewPageLableTest" time="2.320"/>
  <system-out/>
  <testcase classname="testCases.OverviewPageTest" name="verifyCancelBtnTest" time="2.697"/>
  <system-out/>
  <testcase classname="testCases.OverviewPageTest" name="verifyCardNumberTest" time="2.462"/>
  <system-out/>
  <testcase classname="testCases.OverviewPageTest" name="verifyTotalPriceTest" time="2.256"/>
  <system-out/>
  <testcase classname="testCases.OverviewPageTest" name="verifyOverviewPageUrlTest" time="1.811"/>
  <system-out/>
  <testcase classname="testCases.OverviewPageTest" name="verifyFinishBtnTest" time="2.976"/>
  <system-out/>
</testsuite> <!-- testCases.OverviewPageTest -->
