<?xml version="1.0" encoding="UTF-8"?>
<!-- Generated by org.testng.reporters.JUnitReportReporter -->
<testsuite hostname="Kalyanis-MacBook-Air.local" failures="0" tests="2" name="testCases.InventoryPageTest" time="3.924" errors="0" timestamp="2024-01-03T22:24:38 IST" skipped="0">
  <testcase classname="testCases.InventoryPageTest" name="verifyTwitterLogoTest" time="2.017"/>
  <system-out>
    <![CDATA[Visibility of twitter logo :true]]>
  </system-out>
  <testcase classname="testCases.InventoryPageTest" name="verifyProductLabelTest" time="1.907"/>
  <system-out>
    <![CDATA[Product title verification done]]>
  </system-out>
</testsuite> <!-- testCases.InventoryPageTest -->
